24-Mar-2026 16:52:35.209 INFO [main] org.apache.catalina.startup.VersionLoggerListener.log Server version name:   Apache Tomcat/9.0.116
24-Mar-2026 16:52:35.213 INFO [main] org.apache.catalina.startup.VersionLoggerListener.log Server built:          Mar 16 2026 15:05:42 UTC
24-Mar-2026 16:52:35.214 INFO [main] org.apache.catalina.startup.VersionLoggerListener.log Server version number: 9.0.116.0
24-Mar-2026 16:52:35.214 INFO [main] org.apache.catalina.startup.VersionLoggerListener.log OS Name:               Windows 11
24-Mar-2026 16:52:35.214 INFO [main] org.apache.catalina.startup.VersionLoggerListener.log OS Version:            10.0
24-Mar-2026 16:52:35.214 INFO [main] org.apache.catalina.startup.VersionLoggerListener.log Architecture:          amd64
24-Mar-2026 16:52:35.215 INFO [main] org.apache.catalina.startup.VersionLoggerListener.log Java Home:             C:\Program Files\Java\jdk-25
24-Mar-2026 16:52:35.215 INFO [main] org.apache.catalina.startup.VersionLoggerListener.log JVM Version:           25.0.1+8-LTS-27
24-Mar-2026 16:52:35.215 INFO [main] org.apache.catalina.startup.VersionLoggerListener.log JVM Vendor:            Oracle Corporation
24-Mar-2026 16:52:35.215 INFO [main] org.apache.catalina.startup.VersionLoggerListener.log CATALINA_BASE:         D:\java\QLCuaHangTienLoi-main
24-Mar-2026 16:52:35.215 INFO [main] org.apache.catalina.startup.VersionLoggerListener.log CATALINA_HOME:         D:\java\apache-tomcat-9.0.116
24-Mar-2026 16:52:35.226 INFO [main] org.apache.catalina.startup.VersionLoggerListener.log Command line argument: --add-opens=java.base/java.lang=ALL-UNNAMED
24-Mar-2026 16:52:35.226 INFO [main] org.apache.catalina.startup.VersionLoggerListener.log Command line argument: --add-opens=java.base/java.io=ALL-UNNAMED
24-Mar-2026 16:52:35.226 INFO [main] org.apache.catalina.startup.VersionLoggerListener.log Command line argument: --add-opens=java.base/java.util=ALL-UNNAMED
24-Mar-2026 16:52:35.226 INFO [main] org.apache.catalina.startup.VersionLoggerListener.log Command line argument: --add-opens=java.base/java.util.concurrent=ALL-UNNAMED
24-Mar-2026 16:52:35.226 INFO [main] org.apache.catalina.startup.VersionLoggerListener.log Command line argument: --add-opens=java.rmi/sun.rmi.transport=ALL-UNNAMED
24-Mar-2026 16:52:35.227 INFO [main] org.apache.catalina.startup.VersionLoggerListener.log Command line argument: -Dcatalina.home=D:\java\apache-tomcat-9.0.116
24-Mar-2026 16:52:35.227 INFO [main] org.apache.catalina.startup.VersionLoggerListener.log Command line argument: -Dcatalina.base=D:\java\QLCuaHangTienLoi-main
24-Mar-2026 16:52:35.227 INFO [main] org.apache.catalina.startup.VersionLoggerListener.log Command line argument: -Djava.io.tmpdir=D:\java\QLCuaHangTienLoi-main\temp
24-Mar-2026 16:52:35.227 INFO [main] org.apache.catalina.startup.VersionLoggerListener.log Command line argument: -Djava.util.logging.config.file=D:\java\QLCuaHangTienLoi-main\conf\logging.properties
24-Mar-2026 16:52:35.227 INFO [main] org.apache.catalina.startup.VersionLoggerListener.log Command line argument: -Djava.util.logging.manager=org.apache.juli.ClassLoaderLogManager
24-Mar-2026 16:52:35.227 INFO [main] org.apache.catalina.startup.VersionLoggerListener.log Command line argument: -javaagent:D:\java\IntelliJ IDEA 2025.3.1.1\lib\idea_rt.jar=49794
24-Mar-2026 16:52:35.228 INFO [main] org.apache.catalina.startup.VersionLoggerListener.log Command line argument: -Dfile.encoding=UTF-8
24-Mar-2026 16:52:35.228 INFO [main] org.apache.catalina.startup.VersionLoggerListener.log Command line argument: -Dsun.stdout.encoding=UTF-8
24-Mar-2026 16:52:35.228 INFO [main] org.apache.catalina.startup.VersionLoggerListener.log Command line argument: -Dsun.stderr.encoding=UTF-8
24-Mar-2026 16:52:35.235 INFO [main] org.apache.catalina.core.AprLifecycleListener.lifecycleEvent Loaded Apache Tomcat Native library [1.3.7] using APR version [1.7.6].
24-Mar-2026 16:52:35.235 INFO [main] org.apache.catalina.core.AprLifecycleListener.lifecycleEvent APR capabilities: IPv6 [true], sendfile [true], accept filters [false], random [true], UDS [true].
24-Mar-2026 16:52:35.235 INFO [main] org.apache.catalina.core.AprLifecycleListener.lifecycleEvent APR/OpenSSL configuration: useAprConnector [false], useOpenSSL [true]
24-Mar-2026 16:52:35.248 INFO [main] org.apache.catalina.core.AprLifecycleListener.initializeSSL OpenSSL successfully initialized [OpenSSL 3.0.19 27 Jan 2026]
24-Mar-2026 16:52:35.772 INFO [main] org.apache.coyote.AbstractProtocol.init Initializing ProtocolHandler ["http-nio-8080"]
24-Mar-2026 16:52:35.782 SEVERE [main] org.apache.catalina.util.LifecycleBase.handleSubClassException Failed to initialize component [Connector["http-nio-8080"]]
	org.apache.catalina.LifecycleException: Protocol handler initialization failed
		at org.apache.catalina.connector.Connector.initInternal(Connector.java:1084)
		at org.apache.catalina.util.LifecycleBase.init(LifecycleBase.java:122)
		at org.apache.catalina.core.StandardService.initInternal(StandardService.java:520)
		at org.apache.catalina.util.LifecycleBase.init(LifecycleBase.java:122)
		at org.apache.catalina.core.StandardServer.initInternal(StandardServer.java:984)
		at org.apache.catalina.util.LifecycleBase.init(LifecycleBase.java:122)
		at org.apache.catalina.startup.Catalina.load(Catalina.java:687)
		at org.apache.catalina.startup.Catalina.load(Catalina.java:710)
		at java.base/jdk.internal.reflect.DirectMethodHandleAccessor.invoke(DirectMethodHandleAccessor.java:104)
		at java.base/java.lang.reflect.Method.invoke(Method.java:565)
		at org.apache.catalina.startup.Bootstrap.load(Bootstrap.java:299)
		at org.apache.catalina.startup.Bootstrap.main(Bootstrap.java:472)
	Caused by: java.net.BindException: Address already in use: bind
		at java.base/sun.nio.ch.Net.bind0(Native Method)
		at java.base/sun.nio.ch.Net.bind(Net.java:522)
		at java.base/sun.nio.ch.ServerSocketChannelImpl.netBind(ServerSocketChannelImpl.java:335)
		at java.base/sun.nio.ch.ServerSocketChannelImpl.bind(ServerSocketChannelImpl.java:297)
		at org.apache.tomcat.util.net.NioEndpoint.initServerSocket(NioEndpoint.java:296)
		at org.apache.tomcat.util.net.NioEndpoint.bind(NioEndpoint.java:251)
		at org.apache.tomcat.util.net.AbstractEndpoint.bindWithCleanup(AbstractEndpoint.java:1498)
		at org.apache.tomcat.util.net.AbstractEndpoint.init(AbstractEndpoint.java:1511)
		at org.apache.coyote.AbstractProtocol.init(AbstractProtocol.java:667)
		at org.apache.coyote.http11.AbstractHttp11Protocol.init(AbstractHttp11Protocol.java:80)
		at org.apache.catalina.connector.Connector.initInternal(Connector.java:1082)
		... 11 more
24-Mar-2026 16:52:35.783 INFO [main] org.apache.catalina.startup.Catalina.load Server initialization in [803] milliseconds
24-Mar-2026 16:52:35.833 INFO [main] org.apache.catalina.core.StandardService.startInternal Starting service [Catalina]
24-Mar-2026 16:52:35.833 INFO [main] org.apache.catalina.core.StandardEngine.startInternal Starting Servlet engine: [Apache Tomcat/9.0.116]
24-Mar-2026 16:52:35.844 INFO [main] org.apache.catalina.startup.HostConfig.deployDescriptor Deploying deployment descriptor [D:\java\QLCuaHangTienLoi-main\conf\Catalina\localhost\QuanLyCuaHangTienLoi-main.xml]
24-Mar-2026 16:52:36.683 INFO [main] org.apache.jasper.servlet.TldScanner.scanJars At least one JAR was scanned for TLDs yet contained no TLDs. Enable debug logging for this logger for a complete list of JARs that were scanned but no TLDs were found in them. Skipping unneeded JARs during scanning can improve startup time and JSP compilation time.
24-Mar-2026 16:52:36.756 INFO [main] org.apache.catalina.startup.HostConfig.deployDescriptor Deployment of deployment descriptor [D:\java\QLCuaHangTienLoi-main\conf\Catalina\localhost\QuanLyCuaHangTienLoi-main.xml] has finished in [911] ms
24-Mar-2026 16:52:36.762 INFO [main] org.apache.catalina.startup.Catalina.start Server startup in [976] milliseconds
24-Mar-2026 16:52:36.772 SEVERE [main] org.apache.catalina.core.StandardServer.await Failed to create server shutdown socket on address [localhost] and port [8005] (base port [8005] and offset [0])
	java.net.BindException: Address already in use: bind
		at java.base/sun.nio.ch.Net.bind0(Native Method)
		at java.base/sun.nio.ch.Net.bind(Net.java:522)
		at java.base/sun.nio.ch.Net.bind(Net.java:511)
		at java.base/sun.nio.ch.NioSocketImpl.bind(NioSocketImpl.java:641)
		at java.base/java.net.ServerSocket.bind(ServerSocket.java:326)
		at java.base/java.net.ServerSocket.<init>(ServerSocket.java:222)
		at org.apache.catalina.core.StandardServer.await(StandardServer.java:535)
		at org.apache.catalina.startup.Catalina.await(Catalina.java:826)
		at org.apache.catalina.startup.Catalina.start(Catalina.java:774)
		at java.base/jdk.internal.reflect.DirectMethodHandleAccessor.invoke(DirectMethodHandleAccessor.java:104)
		at java.base/java.lang.reflect.Method.invoke(Method.java:565)
		at org.apache.catalina.startup.Bootstrap.start(Bootstrap.java:342)
		at org.apache.catalina.startup.Bootstrap.main(Bootstrap.java:473)
24-Mar-2026 16:52:36.773 INFO [main] org.apache.coyote.AbstractProtocol.pause Pausing ProtocolHandler ["http-nio-8080"]
24-Mar-2026 16:52:36.774 INFO [main] org.apache.catalina.core.StandardService.stopInternal Stopping service [Catalina]
24-Mar-2026 16:52:36.838 INFO [main] org.apache.coyote.AbstractProtocol.stop Stopping ProtocolHandler ["http-nio-8080"]
24-Mar-2026 16:52:36.840 INFO [main] org.apache.coyote.AbstractProtocol.destroy Destroying ProtocolHandler ["http-nio-8080"]
24-Mar-2026 16:55:27.100 INFO [main] org.apache.catalina.startup.VersionLoggerListener.log Server version name:   Apache Tomcat/9.0.116
24-Mar-2026 16:55:27.105 INFO [main] org.apache.catalina.startup.VersionLoggerListener.log Server built:          Mar 16 2026 15:05:42 UTC
24-Mar-2026 16:55:27.105 INFO [main] org.apache.catalina.startup.VersionLoggerListener.log Server version number: 9.0.116.0
24-Mar-2026 16:55:27.105 INFO [main] org.apache.catalina.startup.VersionLoggerListener.log OS Name:               Windows 11
24-Mar-2026 16:55:27.106 INFO [main] org.apache.catalina.startup.VersionLoggerListener.log OS Version:            10.0
24-Mar-2026 16:55:27.106 INFO [main] org.apache.catalina.startup.VersionLoggerListener.log Architecture:          amd64
24-Mar-2026 16:55:27.106 INFO [main] org.apache.catalina.startup.VersionLoggerListener.log Java Home:             C:\Program Files\Java\jdk-25
24-Mar-2026 16:55:27.106 INFO [main] org.apache.catalina.startup.VersionLoggerListener.log JVM Version:           25.0.1+8-LTS-27
24-Mar-2026 16:55:27.106 INFO [main] org.apache.catalina.startup.VersionLoggerListener.log JVM Vendor:            Oracle Corporation
24-Mar-2026 16:55:27.107 INFO [main] org.apache.catalina.startup.VersionLoggerListener.log CATALINA_BASE:         D:\java\QLCuaHangTienLoi-main
24-Mar-2026 16:55:27.107 INFO [main] org.apache.catalina.startup.VersionLoggerListener.log CATALINA_HOME:         D:\java\apache-tomcat-9.0.116
24-Mar-2026 16:55:27.118 INFO [main] org.apache.catalina.startup.VersionLoggerListener.log Command line argument: --add-opens=java.base/java.lang=ALL-UNNAMED
24-Mar-2026 16:55:27.118 INFO [main] org.apache.catalina.startup.VersionLoggerListener.log Command line argument: --add-opens=java.base/java.io=ALL-UNNAMED
24-Mar-2026 16:55:27.118 INFO [main] org.apache.catalina.startup.VersionLoggerListener.log Command line argument: --add-opens=java.base/java.util=ALL-UNNAMED
24-Mar-2026 16:55:27.119 INFO [main] org.apache.catalina.startup.VersionLoggerListener.log Command line argument: --add-opens=java.base/java.util.concurrent=ALL-UNNAMED
24-Mar-2026 16:55:27.119 INFO [main] org.apache.catalina.startup.VersionLoggerListener.log Command line argument: --add-opens=java.rmi/sun.rmi.transport=ALL-UNNAMED
24-Mar-2026 16:55:27.119 INFO [main] org.apache.catalina.startup.VersionLoggerListener.log Command line argument: -Dcatalina.home=D:\java\apache-tomcat-9.0.116
24-Mar-2026 16:55:27.119 INFO [main] org.apache.catalina.startup.VersionLoggerListener.log Command line argument: -Dcatalina.base=D:\java\QLCuaHangTienLoi-main
24-Mar-2026 16:55:27.119 INFO [main] org.apache.catalina.startup.VersionLoggerListener.log Command line argument: -Djava.io.tmpdir=D:\java\QLCuaHangTienLoi-main\temp
24-Mar-2026 16:55:27.119 INFO [main] org.apache.catalina.startup.VersionLoggerListener.log Command line argument: -Djava.util.logging.config.file=D:\java\QLCuaHangTienLoi-main\conf\logging.properties
24-Mar-2026 16:55:27.120 INFO [main] org.apache.catalina.startup.VersionLoggerListener.log Command line argument: -Djava.util.logging.manager=org.apache.juli.ClassLoaderLogManager
24-Mar-2026 16:55:27.120 INFO [main] org.apache.catalina.startup.VersionLoggerListener.log Command line argument: -javaagent:D:\java\IntelliJ IDEA 2025.3.1.1\lib\idea_rt.jar=51526
24-Mar-2026 16:55:27.120 INFO [main] org.apache.catalina.startup.VersionLoggerListener.log Command line argument: -Dfile.encoding=UTF-8
24-Mar-2026 16:55:27.120 INFO [main] org.apache.catalina.startup.VersionLoggerListener.log Command line argument: -Dsun.stdout.encoding=UTF-8
24-Mar-2026 16:55:27.120 INFO [main] org.apache.catalina.startup.VersionLoggerListener.log Command line argument: -Dsun.stderr.encoding=UTF-8
24-Mar-2026 16:55:27.128 INFO [main] org.apache.catalina.core.AprLifecycleListener.lifecycleEvent Loaded Apache Tomcat Native library [1.3.7] using APR version [1.7.6].
24-Mar-2026 16:55:27.128 INFO [main] org.apache.catalina.core.AprLifecycleListener.lifecycleEvent APR capabilities: IPv6 [true], sendfile [true], accept filters [false], random [true], UDS [true].
24-Mar-2026 16:55:27.128 INFO [main] org.apache.catalina.core.AprLifecycleListener.lifecycleEvent APR/OpenSSL configuration: useAprConnector [false], useOpenSSL [true]
24-Mar-2026 16:55:27.151 INFO [main] org.apache.catalina.core.AprLifecycleListener.initializeSSL OpenSSL successfully initialized [OpenSSL 3.0.19 27 Jan 2026]
24-Mar-2026 16:55:27.710 INFO [main] org.apache.coyote.AbstractProtocol.init Initializing ProtocolHandler ["http-nio-8080"]
24-Mar-2026 16:55:27.722 SEVERE [main] org.apache.catalina.util.LifecycleBase.handleSubClassException Failed to initialize component [Connector["http-nio-8080"]]
	org.apache.catalina.LifecycleException: Protocol handler initialization failed
		at org.apache.catalina.connector.Connector.initInternal(Connector.java:1084)
		at org.apache.catalina.util.LifecycleBase.init(LifecycleBase.java:122)
		at org.apache.catalina.core.StandardService.initInternal(StandardService.java:520)
		at org.apache.catalina.util.LifecycleBase.init(LifecycleBase.java:122)
		at org.apache.catalina.core.StandardServer.initInternal(StandardServer.java:984)
		at org.apache.catalina.util.LifecycleBase.init(LifecycleBase.java:122)
		at org.apache.catalina.startup.Catalina.load(Catalina.java:687)
		at org.apache.catalina.startup.Catalina.load(Catalina.java:710)
		at java.base/jdk.internal.reflect.DirectMethodHandleAccessor.invoke(DirectMethodHandleAccessor.java:104)
		at java.base/java.lang.reflect.Method.invoke(Method.java:565)
		at org.apache.catalina.startup.Bootstrap.load(Bootstrap.java:299)
		at org.apache.catalina.startup.Bootstrap.main(Bootstrap.java:472)
	Caused by: java.net.BindException: Address already in use: bind
		at java.base/sun.nio.ch.Net.bind0(Native Method)
		at java.base/sun.nio.ch.Net.bind(Net.java:522)
		at java.base/sun.nio.ch.ServerSocketChannelImpl.netBind(ServerSocketChannelImpl.java:335)
		at java.base/sun.nio.ch.ServerSocketChannelImpl.bind(ServerSocketChannelImpl.java:297)
		at org.apache.tomcat.util.net.NioEndpoint.initServerSocket(NioEndpoint.java:296)
		at org.apache.tomcat.util.net.NioEndpoint.bind(NioEndpoint.java:251)
		at org.apache.tomcat.util.net.AbstractEndpoint.bindWithCleanup(AbstractEndpoint.java:1498)
		at org.apache.tomcat.util.net.AbstractEndpoint.init(AbstractEndpoint.java:1511)
		at org.apache.coyote.AbstractProtocol.init(AbstractProtocol.java:667)
		at org.apache.coyote.http11.AbstractHttp11Protocol.init(AbstractHttp11Protocol.java:80)
		at org.apache.catalina.connector.Connector.initInternal(Connector.java:1082)
		... 11 more
24-Mar-2026 16:55:27.723 INFO [main] org.apache.catalina.startup.Catalina.load Server initialization in [877] milliseconds
24-Mar-2026 16:55:27.776 INFO [main] org.apache.catalina.core.StandardService.startInternal Starting service [Catalina]
24-Mar-2026 16:55:27.776 INFO [main] org.apache.catalina.core.StandardEngine.startInternal Starting Servlet engine: [Apache Tomcat/9.0.116]
24-Mar-2026 16:55:27.789 INFO [main] org.apache.catalina.startup.HostConfig.deployDescriptor Deploying deployment descriptor [D:\java\QLCuaHangTienLoi-main\conf\Catalina\localhost\QuanLyCuaHangTienLoi-main.xml]
24-Mar-2026 16:55:28.545 INFO [main] org.apache.jasper.servlet.TldScanner.scanJars At least one JAR was scanned for TLDs yet contained no TLDs. Enable debug logging for this logger for a complete list of JARs that were scanned but no TLDs were found in them. Skipping unneeded JARs during scanning can improve startup time and JSP compilation time.
24-Mar-2026 16:55:28.613 INFO [main] org.apache.catalina.startup.HostConfig.deployDescriptor Deployment of deployment descriptor [D:\java\QLCuaHangTienLoi-main\conf\Catalina\localhost\QuanLyCuaHangTienLoi-main.xml] has finished in [823] ms
24-Mar-2026 16:55:28.619 INFO [main] org.apache.catalina.startup.Catalina.start Server startup in [894] milliseconds
24-Mar-2026 16:55:28.628 SEVERE [main] org.apache.catalina.core.StandardServer.await Failed to create server shutdown socket on address [localhost] and port [8005] (base port [8005] and offset [0])
	java.net.BindException: Address already in use: bind
		at java.base/sun.nio.ch.Net.bind0(Native Method)
		at java.base/sun.nio.ch.Net.bind(Net.java:522)
		at java.base/sun.nio.ch.Net.bind(Net.java:511)
		at java.base/sun.nio.ch.NioSocketImpl.bind(NioSocketImpl.java:641)
		at java.base/java.net.ServerSocket.bind(ServerSocket.java:326)
		at java.base/java.net.ServerSocket.<init>(ServerSocket.java:222)
		at org.apache.catalina.core.StandardServer.await(StandardServer.java:535)
		at org.apache.catalina.startup.Catalina.await(Catalina.java:826)
		at org.apache.catalina.startup.Catalina.start(Catalina.java:774)
		at java.base/jdk.internal.reflect.DirectMethodHandleAccessor.invoke(DirectMethodHandleAccessor.java:104)
		at java.base/java.lang.reflect.Method.invoke(Method.java:565)
		at org.apache.catalina.startup.Bootstrap.start(Bootstrap.java:342)
		at org.apache.catalina.startup.Bootstrap.main(Bootstrap.java:473)
24-Mar-2026 16:55:28.629 INFO [main] org.apache.coyote.AbstractProtocol.pause Pausing ProtocolHandler ["http-nio-8080"]
24-Mar-2026 16:55:28.629 INFO [main] org.apache.catalina.core.StandardService.stopInternal Stopping service [Catalina]
24-Mar-2026 16:55:28.691 INFO [main] org.apache.coyote.AbstractProtocol.stop Stopping ProtocolHandler ["http-nio-8080"]
24-Mar-2026 16:55:28.692 INFO [main] org.apache.coyote.AbstractProtocol.destroy Destroying ProtocolHandler ["http-nio-8080"]
24-Mar-2026 16:56:50.579 INFO [main] org.apache.catalina.startup.VersionLoggerListener.log Server version name:   Apache Tomcat/9.0.116
24-Mar-2026 16:56:50.583 INFO [main] org.apache.catalina.startup.VersionLoggerListener.log Server built:          Mar 16 2026 15:05:42 UTC
24-Mar-2026 16:56:50.583 INFO [main] org.apache.catalina.startup.VersionLoggerListener.log Server version number: 9.0.116.0
24-Mar-2026 16:56:50.584 INFO [main] org.apache.catalina.startup.VersionLoggerListener.log OS Name:               Windows 11
24-Mar-2026 16:56:50.584 INFO [main] org.apache.catalina.startup.VersionLoggerListener.log OS Version:            10.0
24-Mar-2026 16:56:50.584 INFO [main] org.apache.catalina.startup.VersionLoggerListener.log Architecture:          amd64
24-Mar-2026 16:56:50.584 INFO [main] org.apache.catalina.startup.VersionLoggerListener.log Java Home:             C:\Program Files\Java\jdk-25
24-Mar-2026 16:56:50.584 INFO [main] org.apache.catalina.startup.VersionLoggerListener.log JVM Version:           25.0.1+8-LTS-27
24-Mar-2026 16:56:50.584 INFO [main] org.apache.catalina.startup.VersionLoggerListener.log JVM Vendor:            Oracle Corporation
24-Mar-2026 16:56:50.584 INFO [main] org.apache.catalina.startup.VersionLoggerListener.log CATALINA_BASE:         D:\java\QLCuaHangTienLoi-main
24-Mar-2026 16:56:50.585 INFO [main] org.apache.catalina.startup.VersionLoggerListener.log CATALINA_HOME:         D:\java\apache-tomcat-9.0.116
24-Mar-2026 16:56:50.599 INFO [main] org.apache.catalina.startup.VersionLoggerListener.log Command line argument: --add-opens=java.base/java.lang=ALL-UNNAMED
24-Mar-2026 16:56:50.599 INFO [main] org.apache.catalina.startup.VersionLoggerListener.log Command line argument: --add-opens=java.base/java.io=ALL-UNNAMED
24-Mar-2026 16:56:50.599 INFO [main] org.apache.catalina.startup.VersionLoggerListener.log Command line argument: --add-opens=java.base/java.util=ALL-UNNAMED
24-Mar-2026 16:56:50.600 INFO [main] org.apache.catalina.startup.VersionLoggerListener.log Command line argument: --add-opens=java.base/java.util.concurrent=ALL-UNNAMED
24-Mar-2026 16:56:50.600 INFO [main] org.apache.catalina.startup.VersionLoggerListener.log Command line argument: --add-opens=java.rmi/sun.rmi.transport=ALL-UNNAMED
24-Mar-2026 16:56:50.600 INFO [main] org.apache.catalina.startup.VersionLoggerListener.log Command line argument: -Dcatalina.home=D:\java\apache-tomcat-9.0.116
24-Mar-2026 16:56:50.600 INFO [main] org.apache.catalina.startup.VersionLoggerListener.log Command line argument: -Dcatalina.base=D:\java\QLCuaHangTienLoi-main
24-Mar-2026 16:56:50.600 INFO [main] org.apache.catalina.startup.VersionLoggerListener.log Command line argument: -Djava.io.tmpdir=D:\java\QLCuaHangTienLoi-main\temp
24-Mar-2026 16:56:50.600 INFO [main] org.apache.catalina.startup.VersionLoggerListener.log Command line argument: -Djava.util.logging.config.file=D:\java\QLCuaHangTienLoi-main\conf\logging.properties
24-Mar-2026 16:56:50.600 INFO [main] org.apache.catalina.startup.VersionLoggerListener.log Command line argument: -Djava.util.logging.manager=org.apache.juli.ClassLoaderLogManager
24-Mar-2026 16:56:50.601 INFO [main] org.apache.catalina.startup.VersionLoggerListener.log Command line argument: -javaagent:D:\java\IntelliJ IDEA 2025.3.1.1\lib\idea_rt.jar=64562
24-Mar-2026 16:56:50.601 INFO [main] org.apache.catalina.startup.VersionLoggerListener.log Command line argument: -Dfile.encoding=UTF-8
24-Mar-2026 16:56:50.601 INFO [main] org.apache.catalina.startup.VersionLoggerListener.log Command line argument: -Dsun.stdout.encoding=UTF-8
24-Mar-2026 16:56:50.601 INFO [main] org.apache.catalina.startup.VersionLoggerListener.log Command line argument: -Dsun.stderr.encoding=UTF-8
24-Mar-2026 16:56:50.608 INFO [main] org.apache.catalina.core.AprLifecycleListener.lifecycleEvent Loaded Apache Tomcat Native library [1.3.7] using APR version [1.7.6].
24-Mar-2026 16:56:50.609 INFO [main] org.apache.catalina.core.AprLifecycleListener.lifecycleEvent APR capabilities: IPv6 [true], sendfile [true], accept filters [false], random [true], UDS [true].
24-Mar-2026 16:56:50.609 INFO [main] org.apache.catalina.core.AprLifecycleListener.lifecycleEvent APR/OpenSSL configuration: useAprConnector [false], useOpenSSL [true]
24-Mar-2026 16:56:50.624 INFO [main] org.apache.catalina.core.AprLifecycleListener.initializeSSL OpenSSL successfully initialized [OpenSSL 3.0.19 27 Jan 2026]
24-Mar-2026 16:56:51.187 INFO [main] org.apache.coyote.AbstractProtocol.init Initializing ProtocolHandler ["http-nio-8088"]
24-Mar-2026 16:56:51.210 INFO [main] org.apache.catalina.startup.Catalina.load Server initialization in [880] milliseconds
24-Mar-2026 16:56:51.258 INFO [main] org.apache.catalina.core.StandardService.startInternal Starting service [Catalina]
24-Mar-2026 16:56:51.258 INFO [main] org.apache.catalina.core.StandardEngine.startInternal Starting Servlet engine: [Apache Tomcat/9.0.116]
24-Mar-2026 16:56:51.271 INFO [main] org.apache.catalina.startup.HostConfig.deployDescriptor Deploying deployment descriptor [D:\java\QLCuaHangTienLoi-main\conf\Catalina\localhost\QuanLyCuaHangTienLoi-main.xml]
24-Mar-2026 16:56:52.058 INFO [main] org.apache.jasper.servlet.TldScanner.scanJars At least one JAR was scanned for TLDs yet contained no TLDs. Enable debug logging for this logger for a complete list of JARs that were scanned but no TLDs were found in them. Skipping unneeded JARs during scanning can improve startup time and JSP compilation time.
24-Mar-2026 16:56:52.136 INFO [main] org.apache.catalina.startup.HostConfig.deployDescriptor Deployment of deployment descriptor [D:\java\QLCuaHangTienLoi-main\conf\Catalina\localhost\QuanLyCuaHangTienLoi-main.xml] has finished in [863] ms
24-Mar-2026 16:56:52.142 INFO [main] org.apache.coyote.AbstractProtocol.start Starting ProtocolHandler ["http-nio-8088"]
24-Mar-2026 16:56:52.177 INFO [main] org.apache.catalina.startup.Catalina.start Server startup in [965] milliseconds
24-Mar-2026 17:18:33.541 INFO [main] org.apache.catalina.startup.VersionLoggerListener.log Server version name:   Apache Tomcat/9.0.116
24-Mar-2026 17:18:33.546 INFO [main] org.apache.catalina.startup.VersionLoggerListener.log Server built:          Mar 16 2026 15:05:42 UTC
24-Mar-2026 17:18:33.546 INFO [main] org.apache.catalina.startup.VersionLoggerListener.log Server version number: 9.0.116.0
24-Mar-2026 17:18:33.546 INFO [main] org.apache.catalina.startup.VersionLoggerListener.log OS Name:               Windows 11
24-Mar-2026 17:18:33.546 INFO [main] org.apache.catalina.startup.VersionLoggerListener.log OS Version:            10.0
24-Mar-2026 17:18:33.546 INFO [main] org.apache.catalina.startup.VersionLoggerListener.log Architecture:          amd64
24-Mar-2026 17:18:33.546 INFO [main] org.apache.catalina.startup.VersionLoggerListener.log Java Home:             C:\Program Files\Java\jdk-25
24-Mar-2026 17:18:33.547 INFO [main] org.apache.catalina.startup.VersionLoggerListener.log JVM Version:           25.0.1+8-LTS-27
24-Mar-2026 17:18:33.547 INFO [main] org.apache.catalina.startup.VersionLoggerListener.log JVM Vendor:            Oracle Corporation
24-Mar-2026 17:18:33.547 INFO [main] org.apache.catalina.startup.VersionLoggerListener.log CATALINA_BASE:         D:\java\QLCuaHangTienLoi-main
24-Mar-2026 17:18:33.547 INFO [main] org.apache.catalina.startup.VersionLoggerListener.log CATALINA_HOME:         D:\java\apache-tomcat-9.0.116
24-Mar-2026 17:18:33.558 INFO [main] org.apache.catalina.startup.VersionLoggerListener.log Command line argument: --add-opens=java.base/java.lang=ALL-UNNAMED
24-Mar-2026 17:18:33.559 INFO [main] org.apache.catalina.startup.VersionLoggerListener.log Command line argument: --add-opens=java.base/java.io=ALL-UNNAMED
24-Mar-2026 17:18:33.559 INFO [main] org.apache.catalina.startup.VersionLoggerListener.log Command line argument: --add-opens=java.base/java.util=ALL-UNNAMED
24-Mar-2026 17:18:33.559 INFO [main] org.apache.catalina.startup.VersionLoggerListener.log Command line argument: --add-opens=java.base/java.util.concurrent=ALL-UNNAMED
24-Mar-2026 17:18:33.559 INFO [main] org.apache.catalina.startup.VersionLoggerListener.log Command line argument: --add-opens=java.rmi/sun.rmi.transport=ALL-UNNAMED
24-Mar-2026 17:18:33.559 INFO [main] org.apache.catalina.startup.VersionLoggerListener.log Command line argument: -Dcatalina.home=D:\java\apache-tomcat-9.0.116
24-Mar-2026 17:18:33.560 INFO [main] org.apache.catalina.startup.VersionLoggerListener.log Command line argument: -Dcatalina.base=D:\java\QLCuaHangTienLoi-main
24-Mar-2026 17:18:33.560 INFO [main] org.apache.catalina.startup.VersionLoggerListener.log Command line argument: -Djava.io.tmpdir=D:\java\QLCuaHangTienLoi-main\temp
24-Mar-2026 17:18:33.560 INFO [main] org.apache.catalina.startup.VersionLoggerListener.log Command line argument: -Djava.util.logging.config.file=D:\java\QLCuaHangTienLoi-main\conf\logging.properties
24-Mar-2026 17:18:33.560 INFO [main] org.apache.catalina.startup.VersionLoggerListener.log Command line argument: -Djava.util.logging.manager=org.apache.juli.ClassLoaderLogManager
24-Mar-2026 17:18:33.560 INFO [main] org.apache.catalina.startup.VersionLoggerListener.log Command line argument: -javaagent:D:\java\IntelliJ IDEA 2025.3.1.1\lib\idea_rt.jar=49669
24-Mar-2026 17:18:33.560 INFO [main] org.apache.catalina.startup.VersionLoggerListener.log Command line argument: -Dfile.encoding=UTF-8
24-Mar-2026 17:18:33.560 INFO [main] org.apache.catalina.startup.VersionLoggerListener.log Command line argument: -Dsun.stdout.encoding=UTF-8
24-Mar-2026 17:18:33.561 INFO [main] org.apache.catalina.startup.VersionLoggerListener.log Command line argument: -Dsun.stderr.encoding=UTF-8
24-Mar-2026 17:18:33.570 INFO [main] org.apache.catalina.core.AprLifecycleListener.lifecycleEvent Loaded Apache Tomcat Native library [1.3.7] using APR version [1.7.6].
24-Mar-2026 17:18:33.570 INFO [main] org.apache.catalina.core.AprLifecycleListener.lifecycleEvent APR capabilities: IPv6 [true], sendfile [true], accept filters [false], random [true], UDS [true].
24-Mar-2026 17:18:33.570 INFO [main] org.apache.catalina.core.AprLifecycleListener.lifecycleEvent APR/OpenSSL configuration: useAprConnector [false], useOpenSSL [true]
24-Mar-2026 17:18:33.583 INFO [main] org.apache.catalina.core.AprLifecycleListener.initializeSSL OpenSSL successfully initialized [OpenSSL 3.0.19 27 Jan 2026]
24-Mar-2026 17:18:34.155 INFO [main] org.apache.coyote.AbstractProtocol.init Initializing ProtocolHandler ["http-nio-8088"]
24-Mar-2026 17:18:34.165 SEVERE [main] org.apache.catalina.util.LifecycleBase.handleSubClassException Failed to initialize component [Connector["http-nio-8088"]]
	org.apache.catalina.LifecycleException: Protocol handler initialization failed
		at org.apache.catalina.connector.Connector.initInternal(Connector.java:1084)
		at org.apache.catalina.util.LifecycleBase.init(LifecycleBase.java:122)
		at org.apache.catalina.core.StandardService.initInternal(StandardService.java:520)
		at org.apache.catalina.util.LifecycleBase.init(LifecycleBase.java:122)
		at org.apache.catalina.core.StandardServer.initInternal(StandardServer.java:984)
		at org.apache.catalina.util.LifecycleBase.init(LifecycleBase.java:122)
		at org.apache.catalina.startup.Catalina.load(Catalina.java:687)
		at org.apache.catalina.startup.Catalina.load(Catalina.java:710)
		at java.base/jdk.internal.reflect.DirectMethodHandleAccessor.invoke(DirectMethodHandleAccessor.java:104)
		at java.base/java.lang.reflect.Method.invoke(Method.java:565)
		at org.apache.catalina.startup.Bootstrap.load(Bootstrap.java:299)
		at org.apache.catalina.startup.Bootstrap.main(Bootstrap.java:472)
	Caused by: java.net.BindException: Address already in use: bind
		at java.base/sun.nio.ch.Net.bind0(Native Method)
		at java.base/sun.nio.ch.Net.bind(Net.java:522)
		at java.base/sun.nio.ch.ServerSocketChannelImpl.netBind(ServerSocketChannelImpl.java:335)
		at java.base/sun.nio.ch.ServerSocketChannelImpl.bind(ServerSocketChannelImpl.java:297)
		at org.apache.tomcat.util.net.NioEndpoint.initServerSocket(NioEndpoint.java:296)
		at org.apache.tomcat.util.net.NioEndpoint.bind(NioEndpoint.java:251)
		at org.apache.tomcat.util.net.AbstractEndpoint.bindWithCleanup(AbstractEndpoint.java:1498)
		at org.apache.tomcat.util.net.AbstractEndpoint.init(AbstractEndpoint.java:1511)
		at org.apache.coyote.AbstractProtocol.init(AbstractProtocol.java:667)
		at org.apache.coyote.http11.AbstractHttp11Protocol.init(AbstractHttp11Protocol.java:80)
		at org.apache.catalina.connector.Connector.initInternal(Connector.java:1082)
		... 11 more
24-Mar-2026 17:18:34.167 INFO [main] org.apache.catalina.startup.Catalina.load Server initialization in [859] milliseconds
24-Mar-2026 17:18:34.207 INFO [main] org.apache.catalina.core.StandardService.startInternal Starting service [Catalina]
24-Mar-2026 17:18:34.208 INFO [main] org.apache.catalina.core.StandardEngine.startInternal Starting Servlet engine: [Apache Tomcat/9.0.116]
24-Mar-2026 17:18:34.218 INFO [main] org.apache.catalina.startup.HostConfig.deployDescriptor Deploying deployment descriptor [D:\java\QLCuaHangTienLoi-main\conf\Catalina\localhost\QuanLyCuaHangTienLoi-main.xml]
24-Mar-2026 17:18:34.855 INFO [main] org.apache.jasper.servlet.TldScanner.scanJars At least one JAR was scanned for TLDs yet contained no TLDs. Enable debug logging for this logger for a complete list of JARs that were scanned but no TLDs were found in them. Skipping unneeded JARs during scanning can improve startup time and JSP compilation time.
24-Mar-2026 17:18:34.910 INFO [main] org.apache.catalina.startup.HostConfig.deployDescriptor Deployment of deployment descriptor [D:\java\QLCuaHangTienLoi-main\conf\Catalina\localhost\QuanLyCuaHangTienLoi-main.xml] has finished in [692] ms
24-Mar-2026 17:18:34.914 INFO [main] org.apache.catalina.startup.Catalina.start Server startup in [745] milliseconds
24-Mar-2026 17:18:34.922 SEVERE [main] org.apache.catalina.core.StandardServer.await Failed to create server shutdown socket on address [localhost] and port [8006] (base port [8006] and offset [0])
	java.net.BindException: Address already in use: bind
		at java.base/sun.nio.ch.Net.bind0(Native Method)
		at java.base/sun.nio.ch.Net.bind(Net.java:522)
		at java.base/sun.nio.ch.Net.bind(Net.java:511)
		at java.base/sun.nio.ch.NioSocketImpl.bind(NioSocketImpl.java:641)
		at java.base/java.net.ServerSocket.bind(ServerSocket.java:326)
		at java.base/java.net.ServerSocket.<init>(ServerSocket.java:222)
		at org.apache.catalina.core.StandardServer.await(StandardServer.java:535)
		at org.apache.catalina.startup.Catalina.await(Catalina.java:826)
		at org.apache.catalina.startup.Catalina.start(Catalina.java:774)
		at java.base/jdk.internal.reflect.DirectMethodHandleAccessor.invoke(DirectMethodHandleAccessor.java:104)
		at java.base/java.lang.reflect.Method.invoke(Method.java:565)
		at org.apache.catalina.startup.Bootstrap.start(Bootstrap.java:342)
		at org.apache.catalina.startup.Bootstrap.main(Bootstrap.java:473)
24-Mar-2026 17:18:34.922 INFO [main] org.apache.coyote.AbstractProtocol.pause Pausing ProtocolHandler ["http-nio-8088"]
24-Mar-2026 17:18:34.922 INFO [main] org.apache.catalina.core.StandardService.stopInternal Stopping service [Catalina]
24-Mar-2026 17:18:34.974 INFO [main] org.apache.coyote.AbstractProtocol.stop Stopping ProtocolHandler ["http-nio-8088"]
24-Mar-2026 17:18:34.975 INFO [main] org.apache.coyote.AbstractProtocol.destroy Destroying ProtocolHandler ["http-nio-8088"]
24-Mar-2026 17:18:43.330 INFO [Catalina-utility-2] org.apache.catalina.startup.HostConfig.undeploy Undeploying context [/QuanLyCuaHangTienLoi-main]
24-Mar-2026 17:18:43.342 WARNING [Catalina-utility-2] org.apache.catalina.loader.WebappClassLoaderBase.clearReferencesJdbc The web application [QuanLyCuaHangTienLoi-main] registered the JDBC driver [com.microsoft.sqlserver.jdbc.SQLServerDriver] but failed to unregister it when the web application was stopped. To prevent a memory leak, the JDBC Driver has been forcibly unregistered.
24-Mar-2026 17:18:43.359 INFO [Catalina-utility-2] org.apache.catalina.startup.HostConfig.deployDescriptor Deploying deployment descriptor [D:\java\QLCuaHangTienLoi-main\conf\Catalina\localhost\QuanLyCuaHangTienLoi-main.xml]
24-Mar-2026 17:18:44.044 INFO [Catalina-utility-2] org.apache.jasper.servlet.TldScanner.scanJars At least one JAR was scanned for TLDs yet contained no TLDs. Enable debug logging for this logger for a complete list of JARs that were scanned but no TLDs were found in them. Skipping unneeded JARs during scanning can improve startup time and JSP compilation time.
24-Mar-2026 17:18:44.052 INFO [Catalina-utility-2] org.apache.catalina.startup.HostConfig.deployDescriptor Deployment of deployment descriptor [D:\java\QLCuaHangTienLoi-main\conf\Catalina\localhost\QuanLyCuaHangTienLoi-main.xml] has finished in [694] ms
24-Mar-2026 17:21:35.748 INFO [main] org.apache.catalina.startup.VersionLoggerListener.log Server version name:   Apache Tomcat/9.0.116
24-Mar-2026 17:21:35.753 INFO [main] org.apache.catalina.startup.VersionLoggerListener.log Server built:          Mar 16 2026 15:05:42 UTC
24-Mar-2026 17:21:35.753 INFO [main] org.apache.catalina.startup.VersionLoggerListener.log Server version number: 9.0.116.0
24-Mar-2026 17:21:35.753 INFO [main] org.apache.catalina.startup.VersionLoggerListener.log OS Name:               Windows 11
24-Mar-2026 17:21:35.754 INFO [main] org.apache.catalina.startup.VersionLoggerListener.log OS Version:            10.0
24-Mar-2026 17:21:35.754 INFO [main] org.apache.catalina.startup.VersionLoggerListener.log Architecture:          amd64
24-Mar-2026 17:21:35.754 INFO [main] org.apache.catalina.startup.VersionLoggerListener.log Java Home:             C:\Program Files\Java\jdk-25
24-Mar-2026 17:21:35.754 INFO [main] org.apache.catalina.startup.VersionLoggerListener.log JVM Version:           25.0.1+8-LTS-27
24-Mar-2026 17:21:35.754 INFO [main] org.apache.catalina.startup.VersionLoggerListener.log JVM Vendor:            Oracle Corporation
24-Mar-2026 17:21:35.754 INFO [main] org.apache.catalina.startup.VersionLoggerListener.log CATALINA_BASE:         D:\java\QLCuaHangTienLoi-main
24-Mar-2026 17:21:35.755 INFO [main] org.apache.catalina.startup.VersionLoggerListener.log CATALINA_HOME:         D:\java\apache-tomcat-9.0.116
24-Mar-2026 17:21:35.766 INFO [main] org.apache.catalina.startup.VersionLoggerListener.log Command line argument: --add-opens=java.base/java.lang=ALL-UNNAMED
24-Mar-2026 17:21:35.767 INFO [main] org.apache.catalina.startup.VersionLoggerListener.log Command line argument: --add-opens=java.base/java.io=ALL-UNNAMED
24-Mar-2026 17:21:35.767 INFO [main] org.apache.catalina.startup.VersionLoggerListener.log Command line argument: --add-opens=java.base/java.util=ALL-UNNAMED
24-Mar-2026 17:21:35.767 INFO [main] org.apache.catalina.startup.VersionLoggerListener.log Command line argument: --add-opens=java.base/java.util.concurrent=ALL-UNNAMED
24-Mar-2026 17:21:35.767 INFO [main] org.apache.catalina.startup.VersionLoggerListener.log Command line argument: --add-opens=java.rmi/sun.rmi.transport=ALL-UNNAMED
24-Mar-2026 17:21:35.767 INFO [main] org.apache.catalina.startup.VersionLoggerListener.log Command line argument: -Dcatalina.home=D:\java\apache-tomcat-9.0.116
24-Mar-2026 17:21:35.767 INFO [main] org.apache.catalina.startup.VersionLoggerListener.log Command line argument: -Dcatalina.base=D:\java\QLCuaHangTienLoi-main
24-Mar-2026 17:21:35.767 INFO [main] org.apache.catalina.startup.VersionLoggerListener.log Command line argument: -Djava.io.tmpdir=D:\java\QLCuaHangTienLoi-main\temp
24-Mar-2026 17:21:35.767 INFO [main] org.apache.catalina.startup.VersionLoggerListener.log Command line argument: -Djava.util.logging.config.file=D:\java\QLCuaHangTienLoi-main\conf\logging.properties
24-Mar-2026 17:21:35.767 INFO [main] org.apache.catalina.startup.VersionLoggerListener.log Command line argument: -Djava.util.logging.manager=org.apache.juli.ClassLoaderLogManager
24-Mar-2026 17:21:35.768 INFO [main] org.apache.catalina.startup.VersionLoggerListener.log Command line argument: -javaagent:D:\java\IntelliJ IDEA 2025.3.1.1\lib\idea_rt.jar=58626
24-Mar-2026 17:21:35.768 INFO [main] org.apache.catalina.startup.VersionLoggerListener.log Command line argument: -Dfile.encoding=UTF-8
24-Mar-2026 17:21:35.768 INFO [main] org.apache.catalina.startup.VersionLoggerListener.log Command line argument: -Dsun.stdout.encoding=UTF-8
24-Mar-2026 17:21:35.768 INFO [main] org.apache.catalina.startup.VersionLoggerListener.log Command line argument: -Dsun.stderr.encoding=UTF-8
24-Mar-2026 17:21:35.776 INFO [main] org.apache.catalina.core.AprLifecycleListener.lifecycleEvent Loaded Apache Tomcat Native library [1.3.7] using APR version [1.7.6].
24-Mar-2026 17:21:35.776 INFO [main] org.apache.catalina.core.AprLifecycleListener.lifecycleEvent APR capabilities: IPv6 [true], sendfile [true], accept filters [false], random [true], UDS [true].
24-Mar-2026 17:21:35.776 INFO [main] org.apache.catalina.core.AprLifecycleListener.lifecycleEvent APR/OpenSSL configuration: useAprConnector [false], useOpenSSL [true]
24-Mar-2026 17:21:35.789 INFO [main] org.apache.catalina.core.AprLifecycleListener.initializeSSL OpenSSL successfully initialized [OpenSSL 3.0.19 27 Jan 2026]
24-Mar-2026 17:21:36.293 INFO [main] org.apache.coyote.AbstractProtocol.init Initializing ProtocolHandler ["http-nio-8088"]
24-Mar-2026 17:21:36.301 SEVERE [main] org.apache.catalina.util.LifecycleBase.handleSubClassException Failed to initialize component [Connector["http-nio-8088"]]
	org.apache.catalina.LifecycleException: Protocol handler initialization failed
		at org.apache.catalina.connector.Connector.initInternal(Connector.java:1084)
		at org.apache.catalina.util.LifecycleBase.init(LifecycleBase.java:122)
		at org.apache.catalina.core.StandardService.initInternal(StandardService.java:520)
		at org.apache.catalina.util.LifecycleBase.init(LifecycleBase.java:122)
		at org.apache.catalina.core.StandardServer.initInternal(StandardServer.java:984)
		at org.apache.catalina.util.LifecycleBase.init(LifecycleBase.java:122)
		at org.apache.catalina.startup.Catalina.load(Catalina.java:687)
		at org.apache.catalina.startup.Catalina.load(Catalina.java:710)
		at java.base/jdk.internal.reflect.DirectMethodHandleAccessor.invoke(DirectMethodHandleAccessor.java:104)
		at java.base/java.lang.reflect.Method.invoke(Method.java:565)
		at org.apache.catalina.startup.Bootstrap.load(Bootstrap.java:299)
		at org.apache.catalina.startup.Bootstrap.main(Bootstrap.java:472)
	Caused by: java.net.BindException: Address already in use: bind
		at java.base/sun.nio.ch.Net.bind0(Native Method)
		at java.base/sun.nio.ch.Net.bind(Net.java:522)
		at java.base/sun.nio.ch.ServerSocketChannelImpl.netBind(ServerSocketChannelImpl.java:335)
		at java.base/sun.nio.ch.ServerSocketChannelImpl.bind(ServerSocketChannelImpl.java:297)
		at org.apache.tomcat.util.net.NioEndpoint.initServerSocket(NioEndpoint.java:296)
		at org.apache.tomcat.util.net.NioEndpoint.bind(NioEndpoint.java:251)
		at org.apache.tomcat.util.net.AbstractEndpoint.bindWithCleanup(AbstractEndpoint.java:1498)
		at org.apache.tomcat.util.net.AbstractEndpoint.init(AbstractEndpoint.java:1511)
		at org.apache.coyote.AbstractProtocol.init(AbstractProtocol.java:667)
		at org.apache.coyote.http11.AbstractHttp11Protocol.init(AbstractHttp11Protocol.java:80)
		at org.apache.catalina.connector.Connector.initInternal(Connector.java:1082)
		... 11 more
24-Mar-2026 17:21:36.303 INFO [main] org.apache.catalina.startup.Catalina.load Server initialization in [791] milliseconds
24-Mar-2026 17:21:36.349 INFO [main] org.apache.catalina.core.StandardService.startInternal Starting service [Catalina]
24-Mar-2026 17:21:36.349 INFO [main] org.apache.catalina.core.StandardEngine.startInternal Starting Servlet engine: [Apache Tomcat/9.0.116]
24-Mar-2026 17:21:36.360 INFO [main] org.apache.catalina.startup.HostConfig.deployDescriptor Deploying deployment descriptor [D:\java\QLCuaHangTienLoi-main\conf\Catalina\localhost\QuanLyCuaHangTienLoi-main.xml]
24-Mar-2026 17:21:37.133 INFO [main] org.apache.jasper.servlet.TldScanner.scanJars At least one JAR was scanned for TLDs yet contained no TLDs. Enable debug logging for this logger for a complete list of JARs that were scanned but no TLDs were found in them. Skipping unneeded JARs during scanning can improve startup time and JSP compilation time.
24-Mar-2026 17:21:37.207 INFO [main] org.apache.catalina.startup.HostConfig.deployDescriptor Deployment of deployment descriptor [D:\java\QLCuaHangTienLoi-main\conf\Catalina\localhost\QuanLyCuaHangTienLoi-main.xml] has finished in [846] ms
24-Mar-2026 17:21:37.214 INFO [main] org.apache.catalina.startup.Catalina.start Server startup in [909] milliseconds
24-Mar-2026 17:21:37.223 SEVERE [main] org.apache.catalina.core.StandardServer.await Failed to create server shutdown socket on address [localhost] and port [8006] (base port [8006] and offset [0])
	java.net.BindException: Address already in use: bind
		at java.base/sun.nio.ch.Net.bind0(Native Method)
		at java.base/sun.nio.ch.Net.bind(Net.java:522)
		at java.base/sun.nio.ch.Net.bind(Net.java:511)
		at java.base/sun.nio.ch.NioSocketImpl.bind(NioSocketImpl.java:641)
		at java.base/java.net.ServerSocket.bind(ServerSocket.java:326)
		at java.base/java.net.ServerSocket.<init>(ServerSocket.java:222)
		at org.apache.catalina.core.StandardServer.await(StandardServer.java:535)
		at org.apache.catalina.startup.Catalina.await(Catalina.java:826)
		at org.apache.catalina.startup.Catalina.start(Catalina.java:774)
		at java.base/jdk.internal.reflect.DirectMethodHandleAccessor.invoke(DirectMethodHandleAccessor.java:104)
		at java.base/java.lang.reflect.Method.invoke(Method.java:565)
		at org.apache.catalina.startup.Bootstrap.start(Bootstrap.java:342)
		at org.apache.catalina.startup.Bootstrap.main(Bootstrap.java:473)
24-Mar-2026 17:21:37.224 INFO [main] org.apache.coyote.AbstractProtocol.pause Pausing ProtocolHandler ["http-nio-8088"]
24-Mar-2026 17:21:37.224 INFO [main] org.apache.catalina.core.StandardService.stopInternal Stopping service [Catalina]
24-Mar-2026 17:21:37.279 INFO [main] org.apache.coyote.AbstractProtocol.stop Stopping ProtocolHandler ["http-nio-8088"]
24-Mar-2026 17:21:37.280 INFO [main] org.apache.coyote.AbstractProtocol.destroy Destroying ProtocolHandler ["http-nio-8088"]
24-Mar-2026 17:21:44.181 INFO [Catalina-utility-2] org.apache.catalina.startup.HostConfig.undeploy Undeploying context [/QuanLyCuaHangTienLoi-main]
24-Mar-2026 17:21:44.186 WARNING [Catalina-utility-2] org.apache.catalina.loader.WebappClassLoaderBase.clearReferencesJdbc The web application [QuanLyCuaHangTienLoi-main] registered the JDBC driver [com.microsoft.sqlserver.jdbc.SQLServerDriver] but failed to unregister it when the web application was stopped. To prevent a memory leak, the JDBC Driver has been forcibly unregistered.
24-Mar-2026 17:21:44.192 INFO [Catalina-utility-2] org.apache.catalina.startup.HostConfig.deployDescriptor Deploying deployment descriptor [D:\java\QLCuaHangTienLoi-main\conf\Catalina\localhost\QuanLyCuaHangTienLoi-main.xml]
24-Mar-2026 17:21:44.530 INFO [Catalina-utility-2] org.apache.jasper.servlet.TldScanner.scanJars At least one JAR was scanned for TLDs yet contained no TLDs. Enable debug logging for this logger for a complete list of JARs that were scanned but no TLDs were found in them. Skipping unneeded JARs during scanning can improve startup time and JSP compilation time.
24-Mar-2026 17:21:44.533 INFO [Catalina-utility-2] org.apache.catalina.startup.HostConfig.deployDescriptor Deployment of deployment descriptor [D:\java\QLCuaHangTienLoi-main\conf\Catalina\localhost\QuanLyCuaHangTienLoi-main.xml] has finished in [342] ms
24-Mar-2026 17:21:59.583 INFO [main] org.apache.catalina.startup.VersionLoggerListener.log Server version name:   Apache Tomcat/9.0.116
24-Mar-2026 17:21:59.588 INFO [main] org.apache.catalina.startup.VersionLoggerListener.log Server built:          Mar 16 2026 15:05:42 UTC
24-Mar-2026 17:21:59.588 INFO [main] org.apache.catalina.startup.VersionLoggerListener.log Server version number: 9.0.116.0
24-Mar-2026 17:21:59.589 INFO [main] org.apache.catalina.startup.VersionLoggerListener.log OS Name:               Windows 11
24-Mar-2026 17:21:59.589 INFO [main] org.apache.catalina.startup.VersionLoggerListener.log OS Version:            10.0
24-Mar-2026 17:21:59.589 INFO [main] org.apache.catalina.startup.VersionLoggerListener.log Architecture:          amd64
24-Mar-2026 17:21:59.589 INFO [main] org.apache.catalina.startup.VersionLoggerListener.log Java Home:             C:\Program Files\Java\jdk-25
24-Mar-2026 17:21:59.589 INFO [main] org.apache.catalina.startup.VersionLoggerListener.log JVM Version:           25.0.1+8-LTS-27
24-Mar-2026 17:21:59.590 INFO [main] org.apache.catalina.startup.VersionLoggerListener.log JVM Vendor:            Oracle Corporation
24-Mar-2026 17:21:59.590 INFO [main] org.apache.catalina.startup.VersionLoggerListener.log CATALINA_BASE:         D:\java\QLCuaHangTienLoi-main
24-Mar-2026 17:21:59.590 INFO [main] org.apache.catalina.startup.VersionLoggerListener.log CATALINA_HOME:         D:\java\apache-tomcat-9.0.116
24-Mar-2026 17:21:59.602 INFO [main] org.apache.catalina.startup.VersionLoggerListener.log Command line argument: --add-opens=java.base/java.lang=ALL-UNNAMED
24-Mar-2026 17:21:59.603 INFO [main] org.apache.catalina.startup.VersionLoggerListener.log Command line argument: --add-opens=java.base/java.io=ALL-UNNAMED
24-Mar-2026 17:21:59.603 INFO [main] org.apache.catalina.startup.VersionLoggerListener.log Command line argument: --add-opens=java.base/java.util=ALL-UNNAMED
24-Mar-2026 17:21:59.603 INFO [main] org.apache.catalina.startup.VersionLoggerListener.log Command line argument: --add-opens=java.base/java.util.concurrent=ALL-UNNAMED
24-Mar-2026 17:21:59.603 INFO [main] org.apache.catalina.startup.VersionLoggerListener.log Command line argument: --add-opens=java.rmi/sun.rmi.transport=ALL-UNNAMED
24-Mar-2026 17:21:59.603 INFO [main] org.apache.catalina.startup.VersionLoggerListener.log Command line argument: -Dcatalina.home=D:\java\apache-tomcat-9.0.116
24-Mar-2026 17:21:59.603 INFO [main] org.apache.catalina.startup.VersionLoggerListener.log Command line argument: -Dcatalina.base=D:\java\QLCuaHangTienLoi-main
24-Mar-2026 17:21:59.603 INFO [main] org.apache.catalina.startup.VersionLoggerListener.log Command line argument: -Djava.io.tmpdir=D:\java\QLCuaHangTienLoi-main\temp
24-Mar-2026 17:21:59.604 INFO [main] org.apache.catalina.startup.VersionLoggerListener.log Command line argument: -Djava.util.logging.config.file=D:\java\QLCuaHangTienLoi-main\conf\logging.properties
24-Mar-2026 17:21:59.604 INFO [main] org.apache.catalina.startup.VersionLoggerListener.log Command line argument: -Djava.util.logging.manager=org.apache.juli.ClassLoaderLogManager
24-Mar-2026 17:21:59.604 INFO [main] org.apache.catalina.startup.VersionLoggerListener.log Command line argument: -javaagent:D:\java\IntelliJ IDEA 2025.3.1.1\lib\idea_rt.jar=50432
24-Mar-2026 17:21:59.604 INFO [main] org.apache.catalina.startup.VersionLoggerListener.log Command line argument: -Dfile.encoding=UTF-8
24-Mar-2026 17:21:59.604 INFO [main] org.apache.catalina.startup.VersionLoggerListener.log Command line argument: -Dsun.stdout.encoding=UTF-8
24-Mar-2026 17:21:59.604 INFO [main] org.apache.catalina.startup.VersionLoggerListener.log Command line argument: -Dsun.stderr.encoding=UTF-8
24-Mar-2026 17:21:59.611 INFO [main] org.apache.catalina.core.AprLifecycleListener.lifecycleEvent Loaded Apache Tomcat Native library [1.3.7] using APR version [1.7.6].
24-Mar-2026 17:21:59.612 INFO [main] org.apache.catalina.core.AprLifecycleListener.lifecycleEvent APR capabilities: IPv6 [true], sendfile [true], accept filters [false], random [true], UDS [true].
24-Mar-2026 17:21:59.612 INFO [main] org.apache.catalina.core.AprLifecycleListener.lifecycleEvent APR/OpenSSL configuration: useAprConnector [false], useOpenSSL [true]
24-Mar-2026 17:21:59.623 INFO [main] org.apache.catalina.core.AprLifecycleListener.initializeSSL OpenSSL successfully initialized [OpenSSL 3.0.19 27 Jan 2026]
24-Mar-2026 17:22:00.159 INFO [main] org.apache.coyote.AbstractProtocol.init Initializing ProtocolHandler ["http-nio-8089"]
24-Mar-2026 17:22:00.176 INFO [main] org.apache.catalina.startup.Catalina.load Server initialization in [853] milliseconds
24-Mar-2026 17:22:00.221 INFO [main] org.apache.catalina.core.StandardService.startInternal Starting service [Catalina]
24-Mar-2026 17:22:00.221 INFO [main] org.apache.catalina.core.StandardEngine.startInternal Starting Servlet engine: [Apache Tomcat/9.0.116]
24-Mar-2026 17:22:00.231 INFO [main] org.apache.catalina.startup.HostConfig.deployDescriptor Deploying deployment descriptor [D:\java\QLCuaHangTienLoi-main\conf\Catalina\localhost\QuanLyCuaHangTienLoi-main.xml]
24-Mar-2026 17:22:00.999 INFO [main] org.apache.jasper.servlet.TldScanner.scanJars At least one JAR was scanned for TLDs yet contained no TLDs. Enable debug logging for this logger for a complete list of JARs that were scanned but no TLDs were found in them. Skipping unneeded JARs during scanning can improve startup time and JSP compilation time.
24-Mar-2026 17:22:01.059 INFO [main] org.apache.catalina.startup.HostConfig.deployDescriptor Deployment of deployment descriptor [D:\java\QLCuaHangTienLoi-main\conf\Catalina\localhost\QuanLyCuaHangTienLoi-main.xml] has finished in [826] ms
24-Mar-2026 17:22:01.064 INFO [main] org.apache.coyote.AbstractProtocol.start Starting ProtocolHandler ["http-nio-8089"]
24-Mar-2026 17:22:01.091 INFO [main] org.apache.catalina.startup.Catalina.start Server startup in [913] milliseconds
24-Mar-2026 17:22:04.539 INFO [Catalina-utility-2] org.apache.catalina.startup.HostConfig.undeploy Undeploying context [/QuanLyCuaHangTienLoi-main]
24-Mar-2026 17:22:04.591 INFO [Catalina-utility-2] org.apache.catalina.startup.HostConfig.deployDescriptor Deploying deployment descriptor [D:\java\QLCuaHangTienLoi-main\conf\Catalina\localhost\QuanLyCuaHangTienLoi-main.xml]
24-Mar-2026 17:22:04.883 INFO [Catalina-utility-2] org.apache.jasper.servlet.TldScanner.scanJars At least one JAR was scanned for TLDs yet contained no TLDs. Enable debug logging for this logger for a complete list of JARs that were scanned but no TLDs were found in them. Skipping unneeded JARs during scanning can improve startup time and JSP compilation time.
24-Mar-2026 17:22:04.887 INFO [Catalina-utility-2] org.apache.catalina.startup.HostConfig.deployDescriptor Deployment of deployment descriptor [D:\java\QLCuaHangTienLoi-main\conf\Catalina\localhost\QuanLyCuaHangTienLoi-main.xml] has finished in [296] ms
24-Mar-2026 17:25:00.282 INFO [Thread-1] org.apache.coyote.AbstractProtocol.pause Pausing ProtocolHandler ["http-nio-8089"]
24-Mar-2026 17:25:00.299 INFO [Thread-1] org.apache.catalina.core.StandardService.stopInternal Stopping service [Catalina]
24-Mar-2026 17:25:00.305 WARNING [Thread-1] org.apache.catalina.loader.WebappClassLoaderBase.clearReferencesJdbc The web application [QuanLyCuaHangTienLoi-main] registered the JDBC driver [com.microsoft.sqlserver.jdbc.SQLServerDriver] but failed to unregister it when the web application was stopped. To prevent a memory leak, the JDBC Driver has been forcibly unregistered.
24-Mar-2026 17:25:00.310 INFO [Thread-1] org.apache.coyote.AbstractProtocol.stop Stopping ProtocolHandler ["http-nio-8089"]
24-Mar-2026 17:25:00.323 INFO [Thread-1] org.apache.coyote.AbstractProtocol.destroy Destroying ProtocolHandler ["http-nio-8089"]
24-Mar-2026 17:25:08.139 INFO [main] org.apache.catalina.startup.VersionLoggerListener.log Server version name:   Apache Tomcat/9.0.116
24-Mar-2026 17:25:08.144 INFO [main] org.apache.catalina.startup.VersionLoggerListener.log Server built:          Mar 16 2026 15:05:42 UTC
24-Mar-2026 17:25:08.144 INFO [main] org.apache.catalina.startup.VersionLoggerListener.log Server version number: 9.0.116.0
24-Mar-2026 17:25:08.144 INFO [main] org.apache.catalina.startup.VersionLoggerListener.log OS Name:               Windows 11
24-Mar-2026 17:25:08.144 INFO [main] org.apache.catalina.startup.VersionLoggerListener.log OS Version:            10.0
24-Mar-2026 17:25:08.144 INFO [main] org.apache.catalina.startup.VersionLoggerListener.log Architecture:          amd64
24-Mar-2026 17:25:08.144 INFO [main] org.apache.catalina.startup.VersionLoggerListener.log Java Home:             C:\Program Files\Java\jdk-25
24-Mar-2026 17:25:08.145 INFO [main] org.apache.catalina.startup.VersionLoggerListener.log JVM Version:           25.0.1+8-LTS-27
24-Mar-2026 17:25:08.145 INFO [main] org.apache.catalina.startup.VersionLoggerListener.log JVM Vendor:            Oracle Corporation
24-Mar-2026 17:25:08.145 INFO [main] org.apache.catalina.startup.VersionLoggerListener.log CATALINA_BASE:         D:\java\QLCuaHangTienLoi-main
24-Mar-2026 17:25:08.145 INFO [main] org.apache.catalina.startup.VersionLoggerListener.log CATALINA_HOME:         D:\java\apache-tomcat-9.0.116
24-Mar-2026 17:25:08.157 INFO [main] org.apache.catalina.startup.VersionLoggerListener.log Command line argument: --add-opens=java.base/java.lang=ALL-UNNAMED
24-Mar-2026 17:25:08.158 INFO [main] org.apache.catalina.startup.VersionLoggerListener.log Command line argument: --add-opens=java.base/java.io=ALL-UNNAMED
24-Mar-2026 17:25:08.158 INFO [main] org.apache.catalina.startup.VersionLoggerListener.log Command line argument: --add-opens=java.base/java.util=ALL-UNNAMED
24-Mar-2026 17:25:08.158 INFO [main] org.apache.catalina.startup.VersionLoggerListener.log Command line argument: --add-opens=java.base/java.util.concurrent=ALL-UNNAMED
24-Mar-2026 17:25:08.158 INFO [main] org.apache.catalina.startup.VersionLoggerListener.log Command line argument: --add-opens=java.rmi/sun.rmi.transport=ALL-UNNAMED
24-Mar-2026 17:25:08.158 INFO [main] org.apache.catalina.startup.VersionLoggerListener.log Command line argument: -Dcatalina.home=D:\java\apache-tomcat-9.0.116
24-Mar-2026 17:25:08.158 INFO [main] org.apache.catalina.startup.VersionLoggerListener.log Command line argument: -Dcatalina.base=D:\java\QLCuaHangTienLoi-main
24-Mar-2026 17:25:08.159 INFO [main] org.apache.catalina.startup.VersionLoggerListener.log Command line argument: -Djava.io.tmpdir=D:\java\QLCuaHangTienLoi-main\temp
24-Mar-2026 17:25:08.159 INFO [main] org.apache.catalina.startup.VersionLoggerListener.log Command line argument: -Djava.util.logging.config.file=D:\java\QLCuaHangTienLoi-main\conf\logging.properties
24-Mar-2026 17:25:08.159 INFO [main] org.apache.catalina.startup.VersionLoggerListener.log Command line argument: -Djava.util.logging.manager=org.apache.juli.ClassLoaderLogManager
24-Mar-2026 17:25:08.159 INFO [main] org.apache.catalina.startup.VersionLoggerListener.log Command line argument: -javaagent:D:\java\IntelliJ IDEA 2025.3.1.1\lib\idea_rt.jar=58743
24-Mar-2026 17:25:08.159 INFO [main] org.apache.catalina.startup.VersionLoggerListener.log Command line argument: -Dfile.encoding=UTF-8
24-Mar-2026 17:25:08.159 INFO [main] org.apache.catalina.startup.VersionLoggerListener.log Command line argument: -Dsun.stdout.encoding=UTF-8
24-Mar-2026 17:25:08.160 INFO [main] org.apache.catalina.startup.VersionLoggerListener.log Command line argument: -Dsun.stderr.encoding=UTF-8
24-Mar-2026 17:25:08.167 INFO [main] org.apache.catalina.core.AprLifecycleListener.lifecycleEvent Loaded Apache Tomcat Native library [1.3.7] using APR version [1.7.6].
24-Mar-2026 17:25:08.168 INFO [main] org.apache.catalina.core.AprLifecycleListener.lifecycleEvent APR capabilities: IPv6 [true], sendfile [true], accept filters [false], random [true], UDS [true].
24-Mar-2026 17:25:08.168 INFO [main] org.apache.catalina.core.AprLifecycleListener.lifecycleEvent APR/OpenSSL configuration: useAprConnector [false], useOpenSSL [true]
24-Mar-2026 17:25:08.178 INFO [main] org.apache.catalina.core.AprLifecycleListener.initializeSSL OpenSSL successfully initialized [OpenSSL 3.0.19 27 Jan 2026]
24-Mar-2026 17:25:08.689 INFO [main] org.apache.coyote.AbstractProtocol.init Initializing ProtocolHandler ["http-nio-8089"]
24-Mar-2026 17:25:08.706 INFO [main] org.apache.catalina.startup.Catalina.load Server initialization in [809] milliseconds
24-Mar-2026 17:25:08.745 INFO [main] org.apache.catalina.core.StandardService.startInternal Starting service [Catalina]
24-Mar-2026 17:25:08.745 INFO [main] org.apache.catalina.core.StandardEngine.startInternal Starting Servlet engine: [Apache Tomcat/9.0.116]
24-Mar-2026 17:25:08.754 INFO [main] org.apache.catalina.startup.HostConfig.deployDescriptor Deploying deployment descriptor [D:\java\QLCuaHangTienLoi-main\conf\Catalina\localhost\QuanLyCuaHangTienLoi-main.xml]
24-Mar-2026 17:25:09.371 INFO [main] org.apache.jasper.servlet.TldScanner.scanJars At least one JAR was scanned for TLDs yet contained no TLDs. Enable debug logging for this logger for a complete list of JARs that were scanned but no TLDs were found in them. Skipping unneeded JARs during scanning can improve startup time and JSP compilation time.
24-Mar-2026 17:25:09.429 INFO [main] org.apache.catalina.startup.HostConfig.deployDescriptor Deployment of deployment descriptor [D:\java\QLCuaHangTienLoi-main\conf\Catalina\localhost\QuanLyCuaHangTienLoi-main.xml] has finished in [673] ms
24-Mar-2026 17:25:09.433 INFO [main] org.apache.coyote.AbstractProtocol.start Starting ProtocolHandler ["http-nio-8089"]
24-Mar-2026 17:25:09.459 INFO [main] org.apache.catalina.startup.Catalina.start Server startup in [751] milliseconds
24-Mar-2026 17:25:14.942 INFO [Catalina-utility-1] org.apache.catalina.startup.HostConfig.undeploy Undeploying context [/QuanLyCuaHangTienLoi-main]
24-Mar-2026 17:25:15.010 INFO [Catalina-utility-1] org.apache.catalina.startup.HostConfig.deployDescriptor Deploying deployment descriptor [D:\java\QLCuaHangTienLoi-main\conf\Catalina\localhost\QuanLyCuaHangTienLoi-main.xml]
24-Mar-2026 17:25:15.579 INFO [Catalina-utility-1] org.apache.jasper.servlet.TldScanner.scanJars At least one JAR was scanned for TLDs yet contained no TLDs. Enable debug logging for this logger for a complete list of JARs that were scanned but no TLDs were found in them. Skipping unneeded JARs during scanning can improve startup time and JSP compilation time.
24-Mar-2026 17:25:15.586 INFO [Catalina-utility-1] org.apache.catalina.startup.HostConfig.deployDescriptor Deployment of deployment descriptor [D:\java\QLCuaHangTienLoi-main\conf\Catalina\localhost\QuanLyCuaHangTienLoi-main.xml] has finished in [577] ms
24-Mar-2026 17:26:05.383 INFO [Thread-1] org.apache.coyote.AbstractProtocol.pause Pausing ProtocolHandler ["http-nio-8089"]
24-Mar-2026 17:26:05.400 INFO [Thread-1] org.apache.catalina.core.StandardService.stopInternal Stopping service [Catalina]
24-Mar-2026 17:26:05.406 WARNING [Thread-1] org.apache.catalina.loader.WebappClassLoaderBase.clearReferencesJdbc The web application [QuanLyCuaHangTienLoi-main] registered the JDBC driver [com.microsoft.sqlserver.jdbc.SQLServerDriver] but failed to unregister it when the web application was stopped. To prevent a memory leak, the JDBC Driver has been forcibly unregistered.
24-Mar-2026 17:26:05.412 INFO [Thread-1] org.apache.coyote.AbstractProtocol.stop Stopping ProtocolHandler ["http-nio-8089"]
24-Mar-2026 17:26:05.424 INFO [Thread-1] org.apache.coyote.AbstractProtocol.destroy Destroying ProtocolHandler ["http-nio-8089"]
